embann.c:51:5: note: Considering inline candidate embann_initOutputLayer/28.
embann.c:51:5: missed:   will not early inline: embann_init/25->embann_initOutputLayer/28, growth 56 exceeds --param early-inlining-insns
embann.c:48:5: note: Considering inline candidate embann_initHiddenLayer/27.
embann.c:48:5: missed:   will not early inline: embann_init/25->embann_initHiddenLayer/27, growth 67 exceeds --param early-inlining-insns
embann.c:47:5: note: Considering inline candidate embann_initInputLayer/26.
embann.c:47:5: missed:   will not early inline: embann_init/25->embann_initInputLayer/26, growth 29 exceeds --param early-inlining-insns
embann.c:243:9: note: Considering inline candidate embann_getTrainingDataMean/32.
embann.c:243:9: missed:   will not early inline: embann_getTrainingDataStdDev/33->embann_getTrainingDataMean/32, growth 20 exceeds --param early-inlining-insns
embann.c:570:17: note: Considering inline candidate embann_tanhDerivative/44.
embann.c:570:17: optimized:  Inlining embann_tanhDerivative/44 into embann_train/43.
embann.c:536:17: note: Considering inline candidate embann_tanhDerivative/44.
embann.c:536:17: optimized:  Inlining embann_tanhDerivative/44 into embann_train/43.
embann.c:530:17: note: Considering inline candidate embann_tanhDerivative/44.
embann.c:530:17: optimized:  Inlining embann_tanhDerivative/44 into embann_train/43.
embann.c:344:43: note: Considering inline candidate embann_outputLayer/45.
embann.c:344:43: optimized:  Inlining embann_outputLayer/45 into embann_inputLayer/36.
embann.c:335:5: note: Considering inline candidate embann_sumAndSquash/37.
embann.c:335:5: missed:   will not early inline: embann_inputLayer/36->embann_sumAndSquash/37, growth 21 exceeds --param early-inlining-insns
embann.c:328:9: note: Considering inline candidate embann_sumAndSquash/37.
embann.c:328:9: missed:   will not early inline: embann_inputLayer/36->embann_sumAndSquash/37, growth 21 exceeds --param early-inlining-insns
embann.c:321:5: note: Considering inline candidate embann_sumAndSquash/37.
embann.c:321:5: missed:   will not early inline: embann_inputLayer/36->embann_sumAndSquash/37, growth 21 exceeds --param early-inlining-insns
embann.c:439:13: note: Considering inline candidate millis/52.
embann.c:439:13: optimized:  Inlining millis/52 into embann_trainDriverInTime/41.
embann.c:456:9: note: Considering inline candidate embann_train/43.
embann.c:456:9: missed:   will not early inline: embann_trainDriverInTime/41->embann_train/43, growth 92 exceeds --param early-inlining-insns
embann.c:452:13: note: Considering inline candidate embann_errorReporting/50.
embann.c:452:13: missed:   will not early inline: embann_trainDriverInTime/41->embann_errorReporting/50, growth 5 exceeds --param early-inlining-insns divided by number of calls
embann.c:448:9: note: Considering inline candidate embann_inputLayer/36.
embann.c:448:9: missed:   will not early inline: embann_trainDriverInTime/41->embann_inputLayer/36, growth 38 exceeds --param early-inlining-insns
embann.c:447:9: note: Considering inline candidate embann_inputMinMaxScale/30.
embann.c:447:9: optimized:  Inlining embann_inputMinMaxScale/30 into embann_trainDriverInTime/41.
embann.c:436:31: note: Considering inline candidate millis/52.
embann.c:436:31: optimized:  Inlining millis/52 into embann_trainDriverInTime/41.
embann.c:485:9: note: Considering inline candidate embann_train/43.
embann.c:485:9: missed:   will not early inline: embann_trainDriverInError/42->embann_train/43, growth 92 exceeds --param early-inlining-insns
embann.c:481:13: note: Considering inline candidate embann_errorReporting/50.
embann.c:481:13: missed:   will not early inline: embann_trainDriverInError/42->embann_errorReporting/50, growth 5 exceeds --param early-inlining-insns divided by number of calls
embann.c:477:9: note: Considering inline candidate embann_inputLayer/36.
embann.c:477:9: missed:   will not early inline: embann_trainDriverInError/42->embann_inputLayer/36, growth 38 exceeds --param early-inlining-insns
embann.c:476:9: note: Considering inline candidate embann_inputMinMaxScale/30.
embann.c:476:9: optimized:  Inlining embann_inputMinMaxScale/30 into embann_trainDriverInError/42.
embann.c:34:5: note: Considering inline candidate embann_init/25.
embann.c:34:5: missed:   will not early inline: main/24->embann_init/25, growth 14 exceeds --param early-inlining-insns divided by number of calls
embann.c:33:5: note: Considering inline candidate embann_benchmark/51.
embann.c:33:5: missed:   not inlinable: main/24 -> embann_benchmark/51, --param large-stack-frame-growth limit reached
missed:   not inlinable: embann_init.constprop/113 -> malloc/55, function body not available
missed:   not inlinable: main/24 -> embann_benchmark/51, --param large-stack-frame-growth limit reached
missed:   not inlinable: main/24 -> srandom/54, function body not available
missed:   not inlinable: main/24 -> gettimeofday/53, function body not available
missed:   not inlinable: embann_benchmark/51 -> printf/56, function body not available
missed:   not inlinable: embann_benchmark/51 -> gettimeofday/53, function body not available
missed:   not inlinable: embann_benchmark/51 -> gettimeofday/53, function body not available
missed:   not inlinable: embann_benchmark/51 -> printf/56, function body not available
missed:   not inlinable: embann_benchmark/51 -> gettimeofday/53, function body not available
missed:   not inlinable: embann_benchmark/51 -> gettimeofday/53, function body not available
missed:   not inlinable: embann_benchmark/51 -> printf/56, function body not available
missed:   not inlinable: embann_benchmark/51 -> gettimeofday/53, function body not available
missed:   not inlinable: embann_benchmark/51 -> gettimeofday/53, function body not available
missed:   not inlinable: embann_benchmark/51 -> random/57, function body not available
missed:   not inlinable: embann_benchmark/51 -> random/57, function body not available
missed:   not inlinable: embann_benchmark/51 -> random/57, function body not available
missed:   not inlinable: embann_benchmark/51 -> random/57, function body not available
missed:   not inlinable: embann_benchmark/51 -> random/57, function body not available
missed:   not inlinable: embann_benchmark/51 -> random/57, function body not available
missed:   not inlinable: embann_initOutputLayer/28 -> printf/56, function body not available
missed:   not inlinable: embann_initOutputLayer/28 -> random/57, function body not available
missed:   not inlinable: embann_initOutputLayer/28 -> random/57, function body not available
missed:   not inlinable: embann_initOutputLayer/28 -> malloc/55, function body not available
missed:   not inlinable: embann_initOutputLayer/28 -> malloc/55, function body not available
missed:   not inlinable: embann_initOutputLayer/28 -> printf/56, function body not available
missed:   not inlinable: embann_initOutputLayer/28 -> malloc/55, function body not available
missed:   not inlinable: embann_initHiddenLayer/27 -> printf/56, function body not available
missed:   not inlinable: embann_initHiddenLayer/27 -> printf/56, function body not available
missed:   not inlinable: embann_initHiddenLayer/27 -> random/57, function body not available
missed:   not inlinable: embann_initHiddenLayer/27 -> random/57, function body not available
missed:   not inlinable: embann_initHiddenLayer/27 -> malloc/55, function body not available
missed:   not inlinable: embann_initHiddenLayer/27 -> malloc/55, function body not available
missed:   not inlinable: embann_initHiddenLayer/27 -> printf/56, function body not available
missed:   not inlinable: embann_initHiddenLayer/27 -> malloc/55, function body not available
missed:   not inlinable: embann_initInputLayer/26 -> printf/56, function body not available
missed:   not inlinable: embann_initInputLayer/26 -> malloc/55, function body not available
missed:   not inlinable: embann_initInputLayer/26 -> printf/56, function body not available
missed:   not inlinable: embann_initInputLayer/26 -> malloc/55, function body not available
optimized:  Inlined embann_init.constprop/113 into main/24 which now has time 92.984000 and size 31, net change of -8.
optimized:  Inlined embann_initInputLayer/26 into embann_init.constprop/113 which now has time 56.984000 and size 22, net change of -5.
optimized:  Inlined embann_initOutputLayer/28 into embann_init.constprop/113 which now has time 56.984000 and size 22, net change of -6.
optimized:  Inlined embann_initHiddenLayer/27 into embann_init.constprop/113 which now has time 56.984000 and size 22, net change of -7.
Unit growth for small function inlining: 351->325 (-8%)
missed:   not inlinable: main/24 -> embann_benchmark/51, --param large-stack-frame-growth limit reached
missed:   not inlinable: main/24 -> embann_benchmark/51, --param large-stack-frame-growth limit reached

Inlined 4 calls, eliminated 4 functions

embann.c:858:5: optimized: applying unroll and jam with factor 2
embann.c:844:5: optimized: applying unroll and jam with factor 2
embann.c:830:5: optimized: applying unroll and jam with factor 2
embann.c:858:5: optimized: loops interchanged in loop nest
embann.c:844:5: optimized: loops interchanged in loop nest
embann.c:830:5: optimized: loops interchanged in loop nest
embann.c:858:5: missed: couldn't vectorize loop
embann.c:863:44: missed: not vectorized: complicated access pattern.
embann.c:860:9: missed: couldn't vectorize loop
embann.c:863:27: missed: not vectorized: complicated access pattern.
embann.c:792:6: missed: couldn't vectorize loop
embann.c:863:27: missed: not vectorized: complicated access pattern.
embann.c:860:9: optimized: loop vectorized using 16 byte vectors
embann.c:844:5: missed: couldn't vectorize loop
embann.c:849:42: missed: not vectorized: complicated access pattern.
embann.c:846:9: missed: couldn't vectorize loop
embann.c:849:26: missed: not vectorized: complicated access pattern.
embann.c:792:6: missed: couldn't vectorize loop
embann.c:849:26: missed: not vectorized: complicated access pattern.
embann.c:846:9: optimized: loop vectorized using 16 byte vectors
embann.c:830:5: missed: couldn't vectorize loop
embann.c:835:38: missed: not vectorized: complicated access pattern.
embann.c:832:9: missed: couldn't vectorize loop
embann.c:835:24: missed: not vectorized: complicated access pattern.
embann.c:792:6: missed: couldn't vectorize loop
embann.c:835:24: missed: not vectorized: complicated access pattern.
embann.c:832:9: missed: couldn't vectorize loop
embann.c:834:24: missed: not vectorized: relevant stmt not supported: _34 = _32 / _33;
embann.c:821:5: missed: couldn't vectorize loop
embann.c:824:38: missed: statement clobbers memory: _22 = random ();
embann.c:814:5: missed: couldn't vectorize loop
embann.c:817:36: missed: statement clobbers memory: _13 = random ();
embann.c:807:5: missed: couldn't vectorize loop
embann.c:810:27: missed: statement clobbers memory: _2 = random ();
embann.c:792:6: note: vectorized 2 loops in function.
embann.c:810:27: missed: statement clobbers memory: _2 = random ();
embann.c:817:36: missed: statement clobbers memory: _13 = random ();
embann.c:824:38: missed: statement clobbers memory: _22 = random ();
embann.c:810:27: missed: statement clobbers memory: _2 = random ();
embann.c:811:29: missed: statement clobbers memory: _7 = random ();
embann.c:817:36: missed: statement clobbers memory: _13 = random ();
embann.c:818:39: missed: statement clobbers memory: _17 = random ();
embann.c:824:38: missed: statement clobbers memory: _22 = random ();
embann.c:825:40: missed: statement clobbers memory: _26 = random ();
embann.c:828:5: missed: statement clobbers memory: gettimeofday (&timeBefore, 0B);
embann.c:838:5: missed: statement clobbers memory: gettimeofday (&timeAfter, 0B);
embann.c:840:20: missed: statement clobbers memory: _48 = printf ("\x1b[0;32mI: Embann Core - Integer time was %ld microseconds, result %d\x1b[0m\n", timeDiff$tv_usec_66, _47);
embann.c:842:5: missed: statement clobbers memory: gettimeofday (&timeBefore, 0B);
embann.c:852:5: missed: statement clobbers memory: gettimeofday (&timeAfter, 0B);
embann.c:854:20: missed: statement clobbers memory: _75 = printf ("\x1b[0;32mI: Embann Core - Float time was %ld microseconds, result %.2f\x1b[0m\n", timeDiff$tv_usec_62, _74);
embann.c:856:5: missed: statement clobbers memory: gettimeofday (&timeBefore, 0B);
embann.c:866:5: missed: statement clobbers memory: gettimeofday (&timeAfter, 0B);
embann.c:868:20: missed: statement clobbers memory: printf ("\x1b[0;32mI: Embann Core - Double time was %ld microseconds, result %.2f\x1b[0m\n", timeDiff$tv_usec_63, _100);
embann.c:151:43: missed: couldn't vectorize loop
embann.c:151:43: missed: not vectorized: control flow in loop.
embann.c:157:68: missed: couldn't vectorize loop
embann.c:157:68: missed: not vectorized: control flow in loop.
embann.c:104:47: missed: couldn't vectorize loop
embann.c:104:47: missed: not vectorized: control flow in loop.
embann.c:110:71: missed: couldn't vectorize loop
embann.c:110:71: missed: not vectorized: control flow in loop.
embann.c:74:5: missed: couldn't vectorize loop
embann.c:76:43: missed: statement clobbers memory: pNeuron_117 = malloc (4);
embann.c:27:27: note: vectorized 0 loops in function.
embann.c:157:68: missed: statement clobbers memory: outputNeuronParams_39 = malloc (8);
embann.c:110:71: missed: statement clobbers memory: hiddenLayerParams_79 = malloc (8);
embann.c:76:43: missed: statement clobbers memory: pNeuron_117 = malloc (4);
embann.c:30:5: missed: statement clobbers memory: gettimeofday (&tv, 0B);
embann.c:31:5: missed: statement clobbers memory: srandom (_6);
embann.c:33:5: missed: statement clobbers memory: embann_benchmark ();
embann.c:43:28: missed: statement clobbers memory: _16 = malloc (32);
embann.c:63:48: missed: statement clobbers memory: inputLayer_113 = malloc (88);
embann.c:69:20: missed: statement clobbers memory: _116 = printf ("\x1b[0;32mI: Embann Core - inputLayer: 0x%x, size: %ld\x1b[0m\n", _115, 88);
embann.c:76:43: missed: statement clobbers memory: pNeuron_117 = malloc (4);
embann.c:80:25: missed: not vectorized: more than one data ref in stmt: _122->inputLayer = *inputLayer_113;
embann.c:82:20: missed: statement clobbers memory: __builtin_puts (&"\x1b[0;32mI: Embann Core - done input\x1b[0m"[0]);
embann.c:92:55: missed: statement clobbers memory: hiddenLayer_67 = malloc (88);
embann.c:98:24: missed: statement clobbers memory: _70 = printf ("\x1b[0;32mI: Embann Core - hiddenlayer: 0x%x, size: %ld\x1b[0m\n", _69, 88);
embann.c:104:47: missed: statement clobbers memory: pNeuron_76 = malloc (88);
embann.c:110:71: missed: statement clobbers memory: hiddenLayerParams_79 = malloc (8);
embann.c:119:68: missed: statement clobbers memory: _82 = random ();
embann.c:120:70: missed: statement clobbers memory: _88 = random ();
embann.c:124:24: missed: statement clobbers memory: _100 = printf ("\x1b[0;32mI: Embann Core - done hidden\x1b[0m\n");
embann.c:126:33: missed: not vectorized: more than one data ref in stmt: _101->hiddenLayer[0] = *hiddenLayer_67;
embann.c:130:24: missed: statement clobbers memory: printf ("\x1b[0;32mI: Embann Core - hiddenlayer[i]: 0x%x\x1b[0m\n", _105);
embann.c:139:51: missed: statement clobbers memory: outputLayer_29 = malloc (88);
embann.c:145:20: missed: statement clobbers memory: _32 = printf ("\x1b[0;32mI: Embann Core - outputLayer: 0x%x, size: %ld\x1b[0m\n", _31, 88);
embann.c:151:43: missed: statement clobbers memory: pNeuron_36 = malloc (88);
embann.c:157:68: missed: statement clobbers memory: outputNeuronParams_39 = malloc (8);
embann.c:162:64: missed: statement clobbers memory: _43 = random ();
embann.c:163:66: missed: statement clobbers memory: _49 = random ();
embann.c:167:26: missed: not vectorized: more than one data ref in stmt: _58->outputLayer = *outputLayer_29;
embann.c:169:20: missed: statement clobbers memory: __builtin_puts (&"\x1b[0;32mI: Embann Core - done output\x1b[0m"[0]);
